<?xml version="1.0" encoding="UTF-8"?>
<!-- Generated by org.testng.reporters.JUnitReportReporter -->
<testsuite hostname="DESKTOP-RG41173" failures="0" tests="1" name="dummypck.HomePageNavigation" time="0.228" errors="0" timestamp="2020-08-05T10:25:26 IST" skipped="0">
  <testcase classname="dummypck.HomePageNavigation" name="f" time="0.228"/>
  <system-out/>
</testsuite> <!-- dummypck.HomePageNavigation -->
