<?xml version="1.0" encoding="UTF-8"?>
<!-- Generated by org.testng.reporters.JUnitReportReporter -->
<testsuite hostname="DESKTOP-RG41173" failures="0" tests="1" name="socaldesignautomation.ES_CaliforniaAlternateRatesForEnergy28" time="0.011" errors="0" timestamp="2020-07-21T11:16:50 IST" skipped="0">
  <testcase classname="socaldesignautomation.ES_CaliforniaAlternateRatesForEnergy28" name="CaliforniaAlternateRatesForEnergyCAREDesignVerification" time="0.011"/>
  <system-out/>
</testsuite> <!-- socaldesignautomation.ES_CaliforniaAlternateRatesForEnergy28 -->
