<?xml version="1.0" encoding="UTF-8"?>
<!-- Generated by org.testng.reporters.JUnitReportReporter -->
<testsuite hostname="DESKTOP-RG41173" failures="0" tests="1" name="socaldesignautomation.HomePageNavigation" time="9.382" errors="0" timestamp="2020-07-24T12:45:08 IST" skipped="0">
  <testcase classname="socaldesignautomation.HomePageNavigation" name="f" time="9.382"/>
  <system-out/>
</testsuite> <!-- socaldesignautomation.HomePageNavigation -->
