<?xml version="1.0" encoding="UTF-8"?>
<!-- Generated by org.testng.reporters.JUnitReportReporter -->
<testsuite hostname="DESKTOP-RG41173" failures="0" tests="3" name="dummypck.DummyClass" time="0.195" errors="0" timestamp="2020-08-06T15:38:47 IST" skipped="0">
  <testcase classname="dummypck.DummyClass" name="RebatesAndIncentiveDesignVerification" time="0.069"/>
  <system-out/>
  <testcase classname="dummypck.DummyClass" name="RebatesAndIncentiveDesignVerification" time="0.064"/>
  <system-out/>
  <testcase classname="dummypck.DummyClass" name="RebatesAndIncentiveDesignVerification" time="0.062"/>
  <system-out/>
</testsuite> <!-- dummypck.DummyClass -->
