<?xml version="1.0" encoding="UTF-8"?>
<!-- Generated by org.testng.reporters.JUnitReportReporter -->
<testsuite hostname="DESKTOP-RG41173" failures="0" tests="7" name="socaldesignautomation.SocalRebates" time="0.952" errors="0" timestamp="2020-07-07T19:42:31 IST" skipped="0">
  <testcase classname="socaldesignautomation.SocalRebates" name="RebatesAndIncentiveDesignVerification" time="0.136"/>
  <system-out/>
  <testcase classname="socaldesignautomation.SocalRebates" name="EnergyEfficiencyFinancingDesignVerification" time="0.176"/>
  <system-out/>
  <testcase classname="socaldesignautomation.SocalRebates" name="BusinessRebatesDesignVerification" time="0.220"/>
  <system-out/>
  <testcase classname="socaldesignautomation.SocalRebates" name="SoCalGasMarketplaceDesignVerification" time="0.152"/>
  <system-out/>
  <testcase classname="socaldesignautomation.SocalRebates" name="FooterDesignVerification" time="0.065"/>
  <system-out/>
  <testcase classname="socaldesignautomation.SocalRebates" name="HeaderDesignVerification" time="0.064"/>
  <system-out/>
  <testcase classname="socaldesignautomation.SocalRebates" name="ResidentialRebatesDesignVerification" time="0.139"/>
  <system-out/>
</testsuite> <!-- socaldesignautomation.SocalRebates -->
