<?xml version="1.0" encoding="UTF-8"?>
<!-- Generated by org.testng.reporters.JUnitReportReporter -->
<testsuite hostname="DESKTOP-RG41173" failures="0" tests="13" name="socaldesignautomation.SocalLinksNavigation" time="113.195" errors="0" timestamp="2020-08-27T20:29:06 IST" skipped="2">
  <testcase classname="socaldesignautomation.SocalLinksNavigation" name="UtilityNavLinksNavigation" time="6.663"/>
  <system-out>
Total Size of Utility Nav Links:5 Report a Gas Leak En Espa√±ol Contact Us Help Center Log in/Register https://socalgasmigration.prod.acquia-sites.com/report-gas-leak - OK https://socalgasmigration.prod.acquia-sites.com/es/home - OK https://socalgasmigration.prod.acquia-sites.com/about-us/contact-us - OK https://socalgasmigration.prod.acquia-sites.com/help-center - OK https://myaccount.socalgas.com/ - OK  </system-out>
  <testcase classname="socaldesignautomation.SocalLinksNavigation" name="OurCommunityNavigation" time="4.839"/>
  <system-out>
Total no of links Available: 1  https://socalgasmigration.prod.acquia-sites.com/our-community-areas-of-giving - OK  </system-out>
  <testcase classname="socaldesignautomation.SocalLinksNavigation" name="ForYourBusinessNavigation" time="12.550"/>
  <system-out>
Total no of links Available: 9          https://socalgasmigration.prod.acquia-sites.com/for-your-business/business-my-account - OK https://socalgasmigration.prod.acquia-sites.com/for-your-business/natural-gas-vehicles - OK https://socalgasmigration.prod.acquia-sites.com/for-your-business/energy-savings - OK https://socalgasmigration.prod.acquia-sites.com/for-your-business/builder-services - OK https://socalgasmigration.prod.acquia-sites.com/for-your-business/energy-market-services - OK https://socalgasmigration.prod.acquia-sites.com/for-your-business/air-quality-services - OK https://socalgasmigration.prod.acquia-sites.com/for-your-business/power-generation - OK https://socalgasmigration.prod.acquia-sites.com/for-your-business/education-and-training - OK https://socalgasmigration.prod.acquia-sites.com/for-your-business/energy-savings/small-business - OK  </system-out>
  <testcase classname="socaldesignautomation.SocalLinksNavigation" name="StaySafeNavigation" time="7.784"/>
  <system-out>
Total no of links Available: 5      https://socalgasmigration.prod.acquia-sites.com/stay-safe/emergency-information - OK https://socalgasmigration.prod.acquia-sites.com/stay-safe/safety-and-prevention - OK https://socalgasmigration.prod.acquia-sites.com/stay-safe/pipeline-and-storage-safety - OK https://socalgasmigration.prod.acquia-sites.com/stay-safe/methane-emissions - OK https://socalgasmigration.prod.acquia-sites.com/stay-safe/safety-brochures - OK  </system-out>
  <testcase classname="socaldesignautomation.SocalLinksNavigation" name="ScheduleServiceNavigation" time="10.600"/>
  <system-out>
Total no of links Available: 7        https://socalgasmigration.prod.acquia-sites.com/stay-safe/emergency-information/natural-gas-leaks - OK https://socalgasmigration.prod.acquia-sites.com/schedule-service/pilot-relight - OK https://pubsvc.socalgas.com/service/transferService.html - OK https://pubsvc.socalgas.com/service/startService.html - OK https://pubsvc.socalgas.com/service/stopService.html - OK https://pubsvc.socalgas.com/service/serviceRequest.html - OK https://pubsvc.socalgas.com/service/viewCancel.html - OK  </system-out>
  <testcase classname="socaldesignautomation.SocalLinksNavigation" name="SaveMoneyAndEnergyNavigation" time="9.344"/>
  <system-out>
Total no of links Available: 6 Rebates & Incentives Assistance Programs Energy Saving Tips & Tools Solar Water Heating Natural Gas Vehicles Advanced Meter https://socalgasmigration.prod.acquia-sites.com/save-money-and-energy/rebates-and-incentives - OK https://socalgasmigration.prod.acquia-sites.com/save-money-and-energy/assistance-programs - OK https://socalgasmigration.prod.acquia-sites.com/save-money-and-energy/energy-saving-tips-tools - OK https://socalgasmigration.prod.acquia-sites.com/save-money-and-energy/solar-water-heating - OK https://socalgasmigration.prod.acquia-sites.com/save-money-and-energy/natural-gas-vehicles - OK https://socalgasmigration.prod.acquia-sites.com/save-money-and-energy/advanced-meter - OK  </system-out>
  <testcase classname="socaldesignautomation.SocalLinksNavigation" name="ConnectWithUsNavigation" time="11.448"/>
  <system-out>
Total Size of Social Links:5 Facebook
. Opens in a new window. Twitter
. Opens in a new window. Linkedin
. Opens in a new window. Youtube
. Opens in a new window. Instagram
. Opens in a new window. https://facebook.com/socalgas - OK https://twitter.com/socalgas - OK https://youtube.com/socalgas - OK https://instagram.com/socalgas - OK  </system-out>
  <testcase classname="socaldesignautomation.SocalLinksNavigation" name="GlobalNavigation" time="9.864"/>
  <system-out>
Total no of links Available: 7 Pay Bill Schedule Service Stay Safe Save Money & Energy For Your Business Smart Energy Our Community https://socalgasmigration.prod.acquia-sites.com/pay-bill - OK https://socalgasmigration.prod.acquia-sites.com/schedule-service - OK https://socalgasmigration.prod.acquia-sites.com/stay-safe - OK https://socalgasmigration.prod.acquia-sites.com/save-money-and-energy - OK https://socalgasmigration.prod.acquia-sites.com/for-your-business - OK https://socalgasmigration.prod.acquia-sites.com/smart-energy - OK https://socalgasmigration.prod.acquia-sites.com/our-community - OK  </system-out>
  <testcase classname="socaldesignautomation.SocalLinksNavigation" name="SmartEnergyNavigation" time="12.239"/>
  <system-out>
Total no of links Available: 7        https://socalgasmigration.prod.acquia-sites.com/smart-energy/reliable-natural-gas-for-the-future - OK https://socalgasmigration.prod.acquia-sites.com/smart-energy/benefits-of-natural-gas - OK https://socalgasmigration.prod.acquia-sites.com/smart-energy/renewable-gas - OK https://socalgasmigration.prod.acquia-sites.com/smart-energy/technology-and-investments - OK https://socalgasmigration.prod.acquia-sites.com/smart-energy/sustainability-at-socalgas - OK https://socalgasmigration.prod.acquia-sites.com/smart-energy/research-and-development - OK https://socalgasmigration.prod.acquia-sites.com/smart-energy/presentations-webinars - OK  </system-out>
  <testcase classname="socaldesignautomation.SocalLinksNavigation" name="PayBillsNavigation" time="13.165"/>
  <system-out>
Total no of links Available: 5      https://socalgasmigration.prod.acquia-sites.com/pay-bill/my-account - OK https://socalgasmigration.prod.acquia-sites.com/pay-bill/ways-to-pay - OK https://socalgasmigration.prod.acquia-sites.com/pay-bill/ways-to-pay/payment-locations - OK https://socalgasmigration.prod.acquia-sites.com/pay-bill/need-more-time-to-pay - OK https://socalgasmigration.prod.acquia-sites.com/pay-bill/understanding-your-bill - OK  </system-out>
  <testcase classname="socaldesignautomation.SocalLinksNavigation" name="FooterLinkNavigation" time="14.699"/>
  <system-out>
Total Size of Footer Links:11 About Us Site Map Terms & Conditions Careers More Languages Energy Usage Request Newsroom Accessibility Center Privacy Rates & Regulatory Unclaimed Property https://socalgasmigration.prod.acquia-sites.com/about-us - OK https://socalgasmigration.prod.acquia-sites.com/site-map - OK https://socalgasmigration.prod.acquia-sites.com/terms-and-conditions - OK https://socalgasmigration.prod.acquia-sites.com/careers - OK https://socalgasmigration.prod.acquia-sites.com/more-languages - OK https://socalgasmigration.prod.acquia-sites.com/for-your-business/energy-savings/energy-usage-requests - OK https://socalgasmigration.prod.acquia-sites.com/newsroom - OK https://socalgasmigration.prod.acquia-sites.com/accessibility - OK https://socalgasmigration.prod.acquia-sites.com/privacy-center - OK https://socalgasmigration.prod.acquia-sites.com/regulatory - OK https://socalgasmigration.prod.acquia-sites.com/unclaimed-property - OK  </system-out>
  <testcase classname="socaldesignautomation.SocalLinksNavigation" name="f">
    <skipped/>
  </testcase> <!-- f -->
  <system-out/>
  <testcase classname="socaldesignautomation.SocalLinksNavigation" name="FooterLogoNavigation">
    <skipped/>
  </testcase> <!-- FooterLogoNavigation -->
  <system-out/>
</testsuite> <!-- socaldesignautomation.SocalLinksNavigation -->
